<?xml version="1.0" encoding="UTF-8"?>
<testsuite xmlns:xsi="http://www.w3.org/2001/XMLSchema-instance" xsi:noNamespaceSchemaLocation="https://maven.apache.org/surefire/maven-surefire-plugin/xsd/surefire-test-report.xsd" name="webappSus.CountryTest" time="0.105" tests="5" errors="0" skipped="0" failures="0">
  <properties>
[...]
</properties>
  <testcase name="webappSus.CountryTest.testRead" classname="webappSus.CountryTest" time="0.028"/>
  <testcase name="webappSus.CountryTest.testUpdate" classname="webappSus.CountryTest" time="0.014"/>
  <testcase name="webappSus.CountryTest.testCreate" classname="webappSus.CountryTest" time="0.01"/>
  <testcase name="webappSus.CountryTest.testDelete" classname="webappSus.CountryTest" time="0.046"/>
  <testcase name="webappSus.CountryTest.testReadAll" classname="webappSus.CountryTest" time="0.003"/>
</testsuite>